# JRE version: Java(TM) SE Runtime Environment (8.0_191-b12) (build 1.8.0_191-b12)
# Java VM: Java HotSpot(TM) 64-Bit Server VM (25.191-b12 mixed mode windows-amd64 compressed oops)
Heap:
 PSYoungGen      total 100864K, used 96975K [0x000000076bc00000, 0x0000000773e00000, 0x00000007c0000000)
  eden space 84480K, 100% used [0x000000076bc00000,0x0000000770e80000,0x0000000770e80000)
  from space 16384K, 76% used [0x0000000770e80000,0x0000000771ab3f98,0x0000000771e80000)
  to   space 16384K, 89% used [0x0000000772e00000,0x0000000773c3f908,0x0000000773e00000)
 ParOldGen       total 127488K, used 17331K [0x00000006c3400000, 0x00000006cb080000, 0x000000076bc00000)
  object space 127488K, 13% used [0x00000006c3400000,0x00000006c44ece28,0x00000006cb080000)
 Metaspace       used 25248K, capacity 25960K, committed 26240K, reserved 1073152K
  class space    used 2960K, capacity 3176K, committed 3200K, reserved 1048576K
GC Heap History (10 events):
Event: 4.324 GC heap after
Heap after GC invocations=6 (full 1):
 PSYoungGen      total 74240K, used 0K [0x000000076bc00000, 0x0000000771a00000, 0x00000007c0000000)
  eden space 63488K, 0% used [0x000000076bc00000,0x000000076bc00000,0x000000076fa00000)
  from space 10752K, 0% used [0x000000076fb80000,0x000000076fb80000,0x0000000770600000)
  to   space 16384K, 0% used [0x0000000770a00000,0x0000000770a00000,0x0000000771a00000)
 ParOldGen       total 127488K, used 17291K [0x00000006c3400000, 0x00000006cb080000, 0x000000076bc00000)
  object space 127488K, 13% used [0x00000006c3400000,0x00000006c44e2e28,0x00000006cb080000)
 Metaspace       used 20666K, capacity 21136K, committed 21296K, reserved 1069056K
  class space    used 2458K, capacity 2667K, committed 2688K, reserved 1048576K
}
Event: 5.221 GC heap before
{Heap before GC invocations=7 (full 1):
 PSYoungGen      total 74240K, used 63488K [0x000000076bc00000, 0x0000000771a00000, 0x00000007c0000000)
  eden space 63488K, 100% used [0x000000076bc00000,0x000000076fa00000,0x000000076fa00000)
  from space 10752K, 0% used [0x000000076fb80000,0x000000076fb80000,0x0000000770600000)
  to   space 16384K, 0% used [0x0000000770a00000,0x0000000770a00000,0x0000000771a00000)
 ParOldGen       total 127488K, used 17291K [0x00000006c3400000, 0x00000006cb080000, 0x000000076bc00000)
  object space 127488K, 13% used [0x00000006c3400000,0x00000006c44e2e28,0x00000006cb080000)
 Metaspace       used 23466K, capacity 23970K, committed 24320K, reserved 1071104K
  class space    used 2791K, capacity 2990K, committed 3072K, reserved 1048576K
Event: 5.225 GC heap after
Heap after GC invocations=7 (full 1):
 PSYoungGen      total 79360K, used 6573K [0x000000076bc00000, 0x0000000773180000, 0x00000007c0000000)
  eden space 62976K, 0% used [0x000000076bc00000,0x000000076bc00000,0x000000076f980000)
  from space 16384K, 40% used [0x0000000770a00000,0x000000077106b4a8,0x0000000771a00000)
  to   space 16896K, 0% used [0x000000076f980000,0x000000076f980000,0x0000000770a00000)
 ParOldGen       total 127488K, used 17299K [0x00000006c3400000, 0x00000006cb080000, 0x000000076bc00000)
  object space 127488K, 13% used [0x00000006c3400000,0x00000006c44e4e28,0x00000006cb080000)
 Metaspace       used 23466K, capacity 23970K, committed 24320K, reserved 1071104K
  class space    used 2791K, capacity 2990K, committed 3072K, reserved 1048576K
}
Event: 5.742 GC heap before
{Heap before GC invocations=8 (full 1):
 PSYoungGen      total 79360K, used 69549K [0x000000076bc00000, 0x0000000773180000, 0x00000007c0000000)
  eden space 62976K, 100% used [0x000000076bc00000,0x000000076f980000,0x000000076f980000)
  from space 16384K, 40% used [0x0000000770a00000,0x000000077106b4a8,0x0000000771a00000)
  to   space 16896K, 0% used [0x000000076f980000,0x000000076f980000,0x0000000770a00000)
 ParOldGen       total 127488K, used 17299K [0x00000006c3400000, 0x00000006cb080000, 0x000000076bc00000)
  object space 127488K, 13% used [0x00000006c3400000,0x00000006c44e4e28,0x00000006cb080000)
 Metaspace       used 23549K, capacity 24040K, committed 24320K, reserved 1071104K
  class space    used 2791K, capacity 2991K, committed 3072K, reserved 1048576K
Event: 5.747 GC heap after
Heap after GC invocations=8 (full 1):
 PSYoungGen      total 79872K, used 8204K [0x000000076bc00000, 0x0000000773180000, 0x00000007c0000000)
  eden space 62976K, 0% used [0x000000076bc00000,0x000000076bc00000,0x000000076f980000)
  from space 16896K, 48% used [0x000000076f980000,0x0000000770183298,0x0000000770a00000)
  to   space 16896K, 0% used [0x0000000772100000,0x0000000772100000,0x0000000773180000)
 ParOldGen       total 127488K, used 17307K [0x00000006c3400000, 0x00000006cb080000, 0x000000076bc00000)
  object space 127488K, 13% used [0x00000006c3400000,0x00000006c44e6e28,0x00000006cb080000)
 Metaspace       used 23549K, capacity 24040K, committed 24320K, reserved 1071104K
  class space    used 2791K, capacity 2991K, committed 3072K, reserved 1048576K
}
Event: 8.343 GC heap before
{Heap before GC invocations=9 (full 1):
 PSYoungGen      total 79872K, used 71180K [0x000000076bc00000, 0x0000000773180000, 0x00000007c0000000)
  eden space 62976K, 100% used [0x000000076bc00000,0x000000076f980000,0x000000076f980000)
  from space 16896K, 48% used [0x000000076f980000,0x0000000770183298,0x0000000770a00000)
  to   space 16896K, 0% used [0x0000000772100000,0x0000000772100000,0x0000000773180000)
 ParOldGen       total 127488K, used 17307K [0x00000006c3400000, 0x00000006cb080000, 0x000000076bc00000)
  object space 127488K, 13% used [0x00000006c3400000,0x00000006c44e6e28,0x00000006cb080000)
 Metaspace       used 23735K, capacity 24250K, committed 24576K, reserved 1071104K
  class space    used 2800K, capacity 2994K, committed 3072K, reserved 1048576K
Event: 8.355 GC heap after
Heap after GC invocations=9 (full 1):
 PSYoungGen      total 98304K, used 10956K [0x000000076bc00000, 0x0000000772e80000, 0x00000007c0000000)
  eden space 84480K, 0% used [0x000000076bc00000,0x000000076bc00000,0x0000000770e80000)
  from space 13824K, 79% used [0x0000000772100000,0x0000000772bb3230,0x0000000772e80000)
  to   space 16384K, 0% used [0x0000000770e80000,0x0000000770e80000,0x0000000771e80000)
 ParOldGen       total 127488K, used 17315K [0x00000006c3400000, 0x00000006cb080000, 0x000000076bc00000)
  object space 127488K, 13% used [0x00000006c3400000,0x00000006c44e8e28,0x00000006cb080000)
 Metaspace       used 23735K, capacity 24250K, committed 24576K, reserved 1071104K
  class space    used 2800K, capacity 2994K, committed 3072K, reserved 1048576K
}
Event: 10.480 GC heap before
{Heap before GC invocations=10 (full 1):
 PSYoungGen      total 98304K, used 95436K [0x000000076bc00000, 0x0000000772e80000, 0x00000007c0000000)
  eden space 84480K, 100% used [0x000000076bc00000,0x0000000770e80000,0x0000000770e80000)
  from space 13824K, 79% used [0x0000000772100000,0x0000000772bb3230,0x0000000772e80000)
  to   space 16384K, 0% used [0x0000000770e80000,0x0000000770e80000,0x0000000771e80000)
 ParOldGen       total 127488K, used 17315K [0x00000006c3400000, 0x00000006cb080000, 0x000000076bc00000)
  object space 127488K, 13% used [0x00000006c3400000,0x00000006c44e8e28,0x00000006cb080000)
 Metaspace       used 24065K, capacity 24582K, committed 24832K, reserved 1071104K
  class space    used 2801K, capacity 2996K, committed 3072K, reserved 1048576K
Event: 10.487 GC heap after
Heap after GC invocations=10 (full 1):
 PSYoungGen      total 100864K, used 12495K [0x000000076bc00000, 0x0000000773e00000, 0x00000007c0000000)
  eden space 84480K, 0% used [0x000000076bc00000,0x000000076bc00000,0x0000000770e80000)
  from space 16384K, 76% used [0x0000000770e80000,0x0000000771ab3f98,0x0000000771e80000)
  to   space 16384K, 0% used [0x0000000772e00000,0x0000000772e00000,0x0000000773e00000)
 ParOldGen       total 127488K, used 17323K [0x00000006c3400000, 0x00000006cb080000, 0x000000076bc00000)
  object space 127488K, 13% used [0x00000006c3400000,0x00000006c44eae28,0x00000006cb080000)
 Metaspace       used 24065K, capacity 24582K, committed 24832K, reserved 1071104K
  class space    used 2801K, capacity 2996K, committed 3072K, reserved 1048576K
}
Event: 21.144 GC heap before
{Heap before GC invocations=11 (full 1):
 PSYoungGen      total 100864K, used 96975K [0x000000076bc00000, 0x0000000773e00000, 0x00000007c0000000)
  eden space 84480K, 100% used [0x000000076bc00000,0x0000000770e80000,0x0000000770e80000)
  from space 16384K, 76% used [0x0000000770e80000,0x0000000771ab3f98,0x0000000771e80000)
  to   space 16384K, 0% used [0x0000000772e00000,0x0000000772e00000,0x0000000773e00000)
 ParOldGen       total 127488K, used 17323K [0x00000006c3400000, 0x00000006cb080000, 0x000000076bc00000)
  object space 127488K, 13% used [0x00000006c3400000,0x00000006c44eae28,0x00000006cb080000)
 Metaspace       used 25248K, capacity 25960K, committed 26240K, reserved 1073152K
  class space    used 2960K, capacity 3176K, committed 3200K, reserved 1048576K

